# JRE version: OpenJDK Runtime Environment Temurin-17.0.4.1+1 (17.0.4.1+1) (build 17.0.4.1+1)
# Java VM: OpenJDK 64-Bit Server VM Temurin-17.0.4.1+1 (17.0.4.1+1, mixed mode, sharing, tiered, compressed oops, compressed class ptrs, g1 gc, windows-amd64)
GC Precious Log:
 CPUs: 8 total, 8 available
 Memory: 7886M
 Large Page Support: Disabled
 NUMA Support: Disabled
 Compressed Oops: Enabled (32-bit)
 Heap Region Size: 1M
 Heap Min Capacity: 8M
 Heap Initial Capacity: 124M
 Heap Max Capacity: 1972M
 Pre-touch: Disabled
 Parallel Workers: 8
 Concurrent Workers: 2
 Concurrent Refinement Workers: 8
 Periodic GC: Disabled
Heap:
 garbage-first heap   total 178176K, used 56320K [0x0000000084c00000, 0x0000000100000000)
  region size 1024K, 14 young (14336K), 2 survivors (2048K)
 Metaspace       used 6931K, committed 7104K, reserved 1056768K
  class space    used 502K, committed 576K, reserved 1048576K
GC Heap History (12 events):
Event: 1.726 GC heap before
{Heap before GC invocations=0 (full 0):
 garbage-first heap   total 126976K, used 22528K [0x0000000084c00000, 0x0000000100000000)
  region size 1024K, 23 young (23552K), 0 survivors (0K)
 Metaspace       used 5388K, committed 5568K, reserved 1056768K
  class space    used 396K, committed 512K, reserved 1048576K
}
Event: 1.749 GC heap after
{Heap after GC invocations=1 (full 0):
 garbage-first heap   total 126976K, used 5935K [0x0000000084c00000, 0x0000000100000000)
  region size 1024K, 3 young (3072K), 3 survivors (3072K)
 Metaspace       used 5388K, committed 5568K, reserved 1056768K
  class space    used 396K, committed 512K, reserved 1048576K
}
Event: 2.175 GC heap before
{Heap before GC invocations=1 (full 0):
 garbage-first heap   total 126976K, used 62255K [0x0000000084c00000, 0x0000000100000000)
  region size 1024K, 27 young (27648K), 3 survivors (3072K)
 Metaspace       used 6090K, committed 6336K, reserved 1056768K
  class space    used 459K, committed 576K, reserved 1048576K
}
Event: 2.296 GC heap after
{Heap after GC invocations=2 (full 0):
 garbage-first heap   total 126976K, used 39368K [0x0000000084c00000, 0x0000000100000000)
  region size 1024K, 4 young (4096K), 4 survivors (4096K)
 Metaspace       used 6090K, committed 6336K, reserved 1056768K
  class space    used 459K, committed 576K, reserved 1048576K
}
Event: 2.315 GC heap before
{Heap before GC invocations=2 (full 0):
 garbage-first heap   total 126976K, used 63944K [0x0000000084c00000, 0x0000000100000000)
  region size 1024K, 21 young (21504K), 4 survivors (4096K)
 Metaspace       used 6090K, committed 6336K, reserved 1056768K
  class space    used 459K, committed 576K, reserved 1048576K
}
Event: 2.361 GC heap after
{Heap after GC invocations=3 (full 0):
 garbage-first heap   total 126976K, used 64512K [0x0000000084c00000, 0x0000000100000000)
  region size 1024K, 3 young (3072K), 3 survivors (3072K)
 Metaspace       used 6090K, committed 6336K, reserved 1056768K
  class space    used 459K, committed 576K, reserved 1048576K
}
Event: 2.363 GC heap before
{Heap before GC invocations=3 (full 0):
 garbage-first heap   total 126976K, used 67584K [0x0000000084c00000, 0x0000000100000000)
  region size 1024K, 7 young (7168K), 3 survivors (3072K)
 Metaspace       used 6090K, committed 6336K, reserved 1056768K
  class space    used 459K, committed 576K, reserved 1048576K
}
Event: 2.372 GC heap after
{Heap after GC invocations=4 (full 0):
 garbage-first heap   total 126976K, used 68608K [0x0000000084c00000, 0x0000000100000000)
  region size 1024K, 3 young (3072K), 3 survivors (3072K)
 Metaspace       used 6090K, committed 6336K, reserved 1056768K
  class space    used 459K, committed 576K, reserved 1048576K
}
Event: 2.481 GC heap before
{Heap before GC invocations=5 (full 0):
 garbage-first heap   total 133120K, used 83968K [0x0000000084c00000, 0x0000000100000000)
  region size 1024K, 16 young (16384K), 3 survivors (3072K)
 Metaspace       used 6108K, committed 6336K, reserved 1056768K
  class space    used 459K, committed 576K, reserved 1048576K
}
Event: 2.511 GC heap after
{Heap after GC invocations=6 (full 0):
 garbage-first heap   total 133120K, used 84458K [0x0000000084c00000, 0x0000000100000000)
  region size 1024K, 2 young (2048K), 2 survivors (2048K)
 Metaspace       used 6108K, committed 6336K, reserved 1056768K
  class space    used 459K, committed 576K, reserved 1048576K
}
Event: 2.524 GC heap before
{Heap before GC invocations=6 (full 0):
 garbage-first heap   total 133120K, used 94698K [0x0000000084c00000, 0x0000000100000000)
  region size 1024K, 12 young (12288K), 2 survivors (2048K)
 Metaspace       used 6108K, committed 6336K, reserved 1056768K
  class space    used 459K, committed 576K, reserved 1048576K
}
Event: 2.546 GC heap after
{Heap after GC invocations=7 (full 0):
 garbage-first heap   total 399360K, used 95232K [0x0000000084c00000, 0x0000000100000000)
  region size 1024K, 2 young (2048K), 2 survivors (2048K)
 Metaspace       used 6108K, committed 6336K, reserved 1056768K
  class space    used 459K, committed 576K, reserved 1048576K
}

